<?xml version="1.0" encoding="UTF-8"?>
<testng-results ignored="0" total="5" passed="5" failed="0" skipped="0">
  <reporter-output>
  </reporter-output>
  <suite started-at="2026-03-10T08:22:26 IST" name="Default suite" finished-at="2026-03-10T08:23:21 IST" duration-ms="54389">
    <groups>
      <group name="cucumber">
        <method signature="AbstractTestNGCucumberTests.runScenario(io.cucumber.testng.PickleWrapper,io.cucumber.testng.FeatureWrapper)[pri:0, instance:com.sdet.runners.TestRunner@d23e042]" name="runScenario" class="io.cucumber.testng.AbstractTestNGCucumberTests"/>
      </group> <!-- cucumber -->
    </groups>
    <test started-at="2026-03-10T08:22:26 IST" name="Default test" finished-at="2026-03-10T08:23:21 IST" duration-ms="54389">
      <class name="com.sdet.runners.TestRunner">
        <test-method is-config="true" signature="setUpClass(org.testng.ITestContext)[pri:0, instance:com.sdet.runners.TestRunner@d23e042]" started-at="2026-03-10T08:22:26 IST" name="setUpClass" finished-at="2026-03-10T08:22:27 IST" duration-ms="1072" status="PASS">
          <params>
            <param index="0">
              <value>
                <![CDATA[org.testng.TestRunner@37c87fcc]]>
              </value>
            </param>
          </params>
          <reporter-output>
          </reporter-output>
        </test-method> <!-- setUpClass -->
        <test-method signature="runScenario(io.cucumber.testng.PickleWrapper,io.cucumber.testng.FeatureWrapper)[pri:0, instance:com.sdet.runners.TestRunner@d23e042]" started-at="2026-03-10T08:22:27 IST" name="runScenario" description="Runs Cucumber Scenarios" data-provider="scenarios" finished-at="2026-03-10T08:22:34 IST" duration-ms="6453" status="PASS">
          <params>
            <param index="0">
              <value>
                <![CDATA["Get list of users successfully"]]>
              </value>
            </param>
            <param index="1">
              <value>
                <![CDATA["User API Tests"]]>
              </value>
            </param>
          </params>
          <reporter-output>
          </reporter-output>
        </test-method> <!-- runScenario -->
        <test-method signature="runScenario(io.cucumber.testng.PickleWrapper,io.cucumber.testng.FeatureWrapper)[pri:0, instance:com.sdet.runners.TestRunner@d23e042]" started-at="2026-03-10T08:22:34 IST" name="runScenario" description="Runs Cucumber Scenarios" data-provider="scenarios" finished-at="2026-03-10T08:22:56 IST" duration-ms="21580" status="PASS">
          <params>
            <param index="0">
              <value>
                <![CDATA["Get users on page 2"]]>
              </value>
            </param>
            <param index="1">
              <value>
                <![CDATA["User API Tests"]]>
              </value>
            </param>
          </params>
          <reporter-output>
          </reporter-output>
        </test-method> <!-- runScenario -->
        <test-method signature="runScenario(io.cucumber.testng.PickleWrapper,io.cucumber.testng.FeatureWrapper)[pri:0, instance:com.sdet.runners.TestRunner@d23e042]" started-at="2026-03-10T08:22:56 IST" name="runScenario" description="Runs Cucumber Scenarios" data-provider="scenarios" finished-at="2026-03-10T08:22:57 IST" duration-ms="1389" status="PASS">
          <params>
            <param index="0">
              <value>
                <![CDATA["Create a new user successfully"]]>
              </value>
            </param>
            <param index="1">
              <value>
                <![CDATA["User API Tests"]]>
              </value>
            </param>
          </params>
          <reporter-output>
          </reporter-output>
        </test-method> <!-- runScenario -->
        <test-method signature="runScenario(io.cucumber.testng.PickleWrapper,io.cucumber.testng.FeatureWrapper)[pri:0, instance:com.sdet.runners.TestRunner@d23e042]" started-at="2026-03-10T08:22:57 IST" name="runScenario" description="Runs Cucumber Scenarios" data-provider="scenarios" finished-at="2026-03-10T08:22:58 IST" duration-ms="1079" status="PASS">
          <params>
            <param index="0">
              <value>
                <![CDATA["Update an existing user successfully"]]>
              </value>
            </param>
            <param index="1">
              <value>
                <![CDATA["User API Tests"]]>
              </value>
            </param>
          </params>
          <reporter-output>
          </reporter-output>
        </test-method> <!-- runScenario -->
        <test-method signature="runScenario(io.cucumber.testng.PickleWrapper,io.cucumber.testng.FeatureWrapper)[pri:0, instance:com.sdet.runners.TestRunner@d23e042]" started-at="2026-03-10T08:22:58 IST" name="runScenario" description="Runs Cucumber Scenarios" data-provider="scenarios" finished-at="2026-03-10T08:23:20 IST" duration-ms="22407" status="PASS">
          <params>
            <param index="0">
              <value>
                <![CDATA["Delete an existing user successfully"]]>
              </value>
            </param>
            <param index="1">
              <value>
                <![CDATA["User API Tests"]]>
              </value>
            </param>
          </params>
          <reporter-output>
          </reporter-output>
        </test-method> <!-- runScenario -->
        <test-method is-config="true" signature="tearDownClass()[pri:0, instance:com.sdet.runners.TestRunner@d23e042]" started-at="2026-03-10T08:23:20 IST" name="tearDownClass" finished-at="2026-03-10T08:23:21 IST" duration-ms="118" status="PASS">
          <reporter-output>
          </reporter-output>
        </test-method> <!-- tearDownClass -->
      </class> <!-- com.sdet.runners.TestRunner -->
    </test> <!-- Default test -->
  </suite> <!-- Default suite -->
</testng-results>
