<?xml version="1.0" encoding="UTF-8"?>
<testng-results ignored="0" total="2" passed="2" failed="0" skipped="0">
  <reporter-output>
  </reporter-output>
  <suite started-at="2026-03-08T13:27:23 IST" name="Default suite" finished-at="2026-03-08T13:27:27 IST" duration-ms="4768">
    <groups>
      <group name="cucumber">
        <method signature="AbstractTestNGCucumberTests.runScenario(io.cucumber.testng.PickleWrapper,io.cucumber.testng.FeatureWrapper)[pri:0, instance:com.sdet.runners.TestRunner@7dfb0c0f]" name="runScenario" class="io.cucumber.testng.AbstractTestNGCucumberTests"/>
      </group> <!-- cucumber -->
    </groups>
    <test started-at="2026-03-08T13:27:23 IST" name="Default test" finished-at="2026-03-08T13:27:27 IST" duration-ms="4768">
      <class name="com.sdet.runners.TestRunner">
        <test-method is-config="true" signature="setUpClass(org.testng.ITestContext)[pri:0, instance:com.sdet.runners.TestRunner@7dfb0c0f]" started-at="2026-03-08T13:27:23 IST" name="setUpClass" finished-at="2026-03-08T13:27:23 IST" duration-ms="771" status="PASS">
          <params>
            <param index="0">
              <value>
                <![CDATA[org.testng.TestRunner@7d28cdcd]]>
              </value>
            </param>
          </params>
          <reporter-output>
          </reporter-output>
        </test-method> <!-- setUpClass -->
        <test-method signature="runScenario(io.cucumber.testng.PickleWrapper,io.cucumber.testng.FeatureWrapper)[pri:0, instance:com.sdet.runners.TestRunner@7dfb0c0f]" started-at="2026-03-08T13:27:24 IST" name="runScenario" description="Runs Cucumber Scenarios" data-provider="scenarios" finished-at="2026-03-08T13:27:27 IST" duration-ms="3458" status="PASS">
          <params>
            <param index="0">
              <value>
                <![CDATA["Get list of users successfully"]]>
              </value>
            </param>
            <param index="1">
              <value>
                <![CDATA["User API Tests"]]>
              </value>
            </param>
          </params>
          <reporter-output>
          </reporter-output>
        </test-method> <!-- runScenario -->
        <test-method signature="runScenario(io.cucumber.testng.PickleWrapper,io.cucumber.testng.FeatureWrapper)[pri:0, instance:com.sdet.runners.TestRunner@7dfb0c0f]" started-at="2026-03-08T13:27:27 IST" name="runScenario" description="Runs Cucumber Scenarios" data-provider="scenarios" finished-at="2026-03-08T13:27:27 IST" duration-ms="303" status="PASS">
          <params>
            <param index="0">
              <value>
                <![CDATA["Get users on page 2"]]>
              </value>
            </param>
            <param index="1">
              <value>
                <![CDATA["User API Tests"]]>
              </value>
            </param>
          </params>
          <reporter-output>
          </reporter-output>
        </test-method> <!-- runScenario -->
        <test-method is-config="true" signature="tearDownClass()[pri:0, instance:com.sdet.runners.TestRunner@7dfb0c0f]" started-at="2026-03-08T13:27:27 IST" name="tearDownClass" finished-at="2026-03-08T13:27:27 IST" duration-ms="63" status="PASS">
          <reporter-output>
          </reporter-output>
        </test-method> <!-- tearDownClass -->
      </class> <!-- com.sdet.runners.TestRunner -->
    </test> <!-- Default test -->
  </suite> <!-- Default suite -->
</testng-results>
