<?xml version="1.0" encoding="UTF-8"?>
<!-- Generated by org.testng.reporters.JUnitReportReporter -->
<testsuite hostname="Bennstarship" failures="0" tests="5" name="com.sdet.runners.TestRunner" time="52.908" errors="0" timestamp="2026-03-10T08:23:21 IST" skipped="0">
  <testcase classname="com.sdet.runners.TestRunner" name="runScenario" time="6.453"/>
  <testcase classname="com.sdet.runners.TestRunner" name="runScenario" time="22.407"/>
  <testcase classname="com.sdet.runners.TestRunner" name="runScenario" time="1.079"/>
  <testcase classname="com.sdet.runners.TestRunner" name="runScenario" time="21.580"/>
  <testcase classname="com.sdet.runners.TestRunner" name="runScenario" time="1.389"/>
</testsuite> <!-- com.sdet.runners.TestRunner -->
